<?xml version="1.0" encoding="UTF-8"?>
<!-- Generated by org.testng.reporters.JUnitReportReporter -->
<testsuite hostname="CCILT347" name="com.ciphercloud.portal.testcases.Login" tests="6" failures="0" timestamp="16 Mar 2015 07:01:10 GMT" time="43.553" errors="0">
  <testcase name="cac_logout" time="1.721" classname="com.ciphercloud.portal.testcases.Login"/>
  <testcase name="cac_logout" time="2.035" classname="com.ciphercloud.portal.testcases.Login"/>
  <testcase name="cac_configureAD" time="7.342" classname="com.ciphercloud.portal.testcases.Login"/>
  <testcase name="cac_login" time="13.963" classname="com.ciphercloud.portal.testcases.Login"/>
  <testcase name="cac_endUserAuth" time="4.466" classname="com.ciphercloud.portal.testcases.Login"/>
  <testcase name="cac_login" time="14.026" classname="com.ciphercloud.portal.testcases.Login"/>
</testsuite> <!-- com.ciphercloud.portal.testcases.Login -->
