<?xml version="1.0" encoding="UTF-8"?>
<!-- Generated by org.testng.reporters.JUnitReportReporter -->
<testsuite hostname="CCILT347" name="com.ciphercloud.portal.testcases.Login" tests="2" failures="0" timestamp="13 Mar 2015 13:04:33 GMT" time="15.822" errors="0">
  <testcase name="cac_configureAD" time="6.597" classname="com.ciphercloud.portal.testcases.Login"/>
  <testcase name="cac_SignIn" time="9.225" classname="com.ciphercloud.portal.testcases.Login"/>
</testsuite> <!-- com.ciphercloud.portal.testcases.Login -->
